(a4,f7.4,a1,1x,f8.4,a1,1x,i4,1x,i1,1x,i3,1x,f5.2,2x,f5.2)                       
CCIG16.2818N  92.1368W 1616 1   1   .00   1.35       lon,z,model,icc,ptcor,stcor
PCIG15.7047N  93.2188W  105 2   2  -.20    .09                                  
CHPA16.2473N  93.9125W   57 1   3  -.02   -.65                                  
HUIG15.7692N  96.1083W  110 2   4  -.30    .04                                  
NEUV17.7127N  95.8020W   80 1   5  -.34    .01                                  
OXIG17.0725N  96.7328W 1712 2   6  -.24    .11                                  
OXLC17.0650N  96.7033W    0 1   7  -.13    .00                                  
PEIG15.9977N  97.1475W  327 2   8  -.20    .12                                  
PNIG16.3945N  98.1273W  236 1   9  -.21    .34                                  
TGIG16.7782N  93.1222W  612 2  10  -.35    .27                                  
TOIG18.0957N  97.0647W 1030 1  11   .27    .79                                  
TXIG17.2532N  97.7677W 2309 2  12  -.27    .32                                  
UXUV17.3180N  94.1458W  135 1  13  -.26    .18                                  
YOIG16.8565N  97.5457W 2284 2  14  -.27    .28                                  
OXBJ17.0673N  96.7240W    0 1  15  -.09    .34                                  
PANG15.6668N  96.4735W    0 2  16   .00    .00                                  
TGBT16.7768N  93.0895W    0 1  17   .00    .00                                  
PATR15.1168N  92.2340W 1929 2  18  -.09    .70                                  
CHIQ15.0937N  92.1083W 1985 1  19  -.05   -.71                                  
PAVE15.1937N  92.1765W 1847 2  20   .07    .00                                  
NILT16.5650N  94.6168W   65 1  21   .00   -.93                                  
B03 15.4410N  92.8915W    0 2  22 -4.19    .00                                  
B04 15.5592N  92.2167W    0 1  23 -3.21    .00                                  
B05 16.0783N  93.7843W    0 2  24  -.01    .00                                  
B06 16.2918N  94.1947W    0 1  25   .04    .00                                  
B07 16.6620N  93.6427W    0 2  26  -.25    .00                                  
B08 16.2215N  95.2012W    0 1  27 -1.22    .00                                  
B09 15.9077N  95.8095W    0 2  28  -.48    .00                                  
B10 16.1872N  93.2715W    0 1  29   .00    .00                                  

