(a4,f7.4,a1,1x,f8.4,a1,1x,i4,1x,i1,1x,i3,1x,f5.2,2x,f5.2)
CCIG16.2818N  92.1368W 1616 1   1  0.00   0.00   1                              
PCIG15.7047N  93.2188W  105 1   2  0.00   0.00   1                              
CHPA16.2473N  93.9125W   57 1   3  0.00   0.00   1                              
HUIG15.7692N  96.1083W  110 1   4  0.00   0.00   1                              
NEUV17.7127N  95.8020W   80 1   5  0.00   0.00   1                              
OXIG17.0725N  96.7328W 1712 1   6  0.00   0.00   1                              
OXLC17.0650N  96.7033W    0 1   7  0.00   0.00   1                              
PEIG15.9977N  97.1475W  327 1   8  0.00   0.00   1                              
PNIG16.3945N  98.1273W  236 1   9  0.00   0.00   1                              
TGIG16.7782N  93.1222W  612 1  10  0.00   0.00   1                              
TOIG18.0957N  97.0647W 1030 1  11  0.00   0.00   1                              
TXIG17.2532N  97.7677W 2309 1  12  0.00   0.00   1                              
UXUV17.3180N  94.1458W  135 1  13  0.00   0.00   1                              
YOIG16.8565N  97.5457W 2284 1  14  0.00   0.00   1                              
OXBJ17.0673N  96.7240W    0 1  15  0.00   0.00   1                              
PANG15.6668N  96.4735W    0 1  16  0.00   0.00   1                              
TGBT16.7768N  93.0895W    0 1  17  0.00   0.00   1                              
PATR15.1168N  92.2340W 1929 1  18  0.00   0.00   1                              
CHIQ15.0937N  92.1083W 1985 1  19  0.00   0.00   1                              
PAVE15.1937N  92.1765W 1847 1  20  0.00   0.00   1                              
NILT16.5650N  94.6168W   65 1  21  0.00   0.00   1                              
B03 15.4410N  92.8915W    0 1  22  0.00   0.00   1                              
B04 15.5592N  92.2167W    0 1  23  0.00   0.00   1                              
B05 16.0783N  93.7843W    0 1  24  0.00   0.00   1                              
B06 16.2918N  94.1947W    0 1  25  0.00   0.00   1                              
B07 16.6620N  93.6427W    0 1  26  0.00   0.00   1                              
B08 16.2215N  95.2012W    0 1  27  0.00   0.00   1                              
B09 15.9077N  95.8095W    0 1  28  0.00   0.00   1                              
B10 16.1872N  93.2715W    0 1  29  0.00   0.00   1                              
